<?xml version="1.0" encoding="UTF-8"?>
<!-- Generated by org.testng.reporters.JUnitReportReporter -->
<testsuite hostname="LAPTOP-0BM7V6P5" failures="0" tests="2" name="SeleniumMVN.appiumTest" time="0.020" errors="0" timestamp="2021-08-10T03:46:14 IST" skipped="0">
  <testcase classname="SeleniumMVN.appiumTest" name="android" time="0.013"/>
  <system-out/>
  <testcase classname="SeleniumMVN.appiumTest" name="iosapp" time="0.007"/>
  <system-out/>
</testsuite> <!-- SeleniumMVN.appiumTest -->
