<?xml version="1.0" encoding="UTF-8"?>
<!-- Generated by org.testng.reporters.JUnitReportReporter -->
<testsuite hostname="LAPTOP-0BM7V6P5" failures="0" tests="2" name="SeleniumMVN.seleniumTest" time="0.001" errors="0" timestamp="2021-08-11T04:02:59 IST" skipped="0">
  <testcase classname="SeleniumMVN.seleniumTest" name="browserAutomation" time="0.001"/>
  <system-out/>
  <testcase classname="SeleniumMVN.seleniumTest" name="WebElementUi" time="0.000"/>
  <system-out/>
</testsuite> <!-- SeleniumMVN.seleniumTest -->
