<?xml version="1.0" encoding="UTF-8"?>
<!-- Generated by org.testng.reporters.JUnitReportReporter -->
<testsuite hostname="LAPTOP-0BM7V6P5" failures="0" tests="2" name="SeleniumMVN.restApiTest" time="0.000" errors="0" timestamp="2021-08-11T04:02:59 IST" skipped="0">
  <testcase classname="SeleniumMVN.restApiTest" name="deleteTwitter" time="0.000"/>
  <system-out/>
  <testcase classname="SeleniumMVN.restApiTest" name="Postjira" time="0.000"/>
  <system-out/>
</testsuite> <!-- SeleniumMVN.restApiTest -->
